<?xml version="1.0" encoding="UTF-8"?>
<testsuite xmlns:xsi="http://www.w3.org/2001/XMLSchema-instance" xsi:noNamespaceSchemaLocation="https://maven.apache.org/surefire/maven-surefire-plugin/xsd/surefire-test-report.xsd" version="3.0.2" name="com.example.voice_assistant.VoiceAssistantApplicationTests" time="9.375" tests="1" errors="0" skipped="0" failures="0" flakes="0">
  <properties>
[...]
</properties>
  <testcase name="contextLoads" classname="com.example.voice_assistant.VoiceAssistantApplicationTests" time="0.718">
    <system-out><![CDATA[16:35:18.375 [main] INFO org.springframework.test.context.support.AnnotationConfigContextLoaderUtils -- Could not detect default configuration classes for test class [com.example.voice_assistant.VoiceAssistantApplicationTests]: VoiceAssistantApplicationTests does not declare any static, non-private, non-final, nested classes annotated with @Configuration.
16:35:18.506 [main] INFO org.springframework.boot.test.context.SpringBootTestContextBootstrapper -- Found @SpringBootConfiguration com.example.voice_assistant.VoiceAssistantApplication for test class com.example.voice_assistant.VoiceAssistantApplicationTests
16:35:18.595 [main] INFO org.springframework.test.context.support.AnnotationConfigContextLoaderUtils -- Could not detect default configuration classes for test class [com.example.voice_assistant.VoiceAssistantApplicationTests]: VoiceAssistantApplicationTests does not declare any static, non-private, non-final, nested classes annotated with @Configuration.
16:35:18.597 [main] INFO org.springframework.boot.test.context.SpringBootTestContextBootstrapper -- Found @SpringBootConfiguration com.example.voice_assistant.VoiceAssistantApplication for test class com.example.voice_assistant.VoiceAssistantApplicationTests

  .   ____          _            __ _ _
 /\\ / ___'_ __ _ _(_)_ __  __ _ \ \ \ \
( ( )\___ | '_ | '_| | '_ \/ _` | \ \ \ \
 \\/  ___)| |_)| | | | | || (_| |  ) ) ) )
  '  |____| .__|_| |_|_| |_\__, | / / / /
 =========|_|==============|___/=/_/_/_/

 :: Spring Boot ::                (v4.1.0)

2026-07-14T16:35:19.127+05:30  INFO 14248 --- [voice_assistant] [           main] c.e.v.VoiceAssistantApplicationTests     : Starting VoiceAssistantApplicationTests using Java 23 with PID 14248 (started by Dell in C:\Users\Dell\Downloads\voice_assistant_backend\voice_assistant)
2026-07-14T16:35:19.133+05:30  INFO 14248 --- [voice_assistant] [           main] c.e.v.VoiceAssistantApplicationTests     : No active profile set, falling back to 1 default profile: "default"
2026-07-14T16:35:20.149+05:30  INFO 14248 --- [voice_assistant] [           main] .s.d.r.c.RepositoryConfigurationDelegate : Bootstrapping Spring Data JPA repositories in DEFAULT mode.
2026-07-14T16:35:20.369+05:30  INFO 14248 --- [voice_assistant] [           main] .s.d.r.c.RepositoryConfigurationDelegate : Finished Spring Data repository scanning in 196 ms. Found 6 JPA repository interfaces.
2026-07-14T16:35:21.112+05:30  INFO 14248 --- [voice_assistant] [           main] org.hibernate.orm.jpa                    : HHH008540: Processing PersistenceUnitInfo [name: default]
2026-07-14T16:35:21.287+05:30  INFO 14248 --- [voice_assistant] [           main] org.hibernate.orm.core                   : HHH000001: Hibernate ORM core version 7.4.1.Final
2026-07-14T16:35:22.021+05:30  INFO 14248 --- [voice_assistant] [           main] o.s.o.j.p.SpringPersistenceUnitInfo      : No LoadTimeWeaver setup: ignoring JPA class transformer
2026-07-14T16:35:22.059+05:30  INFO 14248 --- [voice_assistant] [           main] com.zaxxer.hikari.HikariDataSource       : HikariPool-1 - Starting...
2026-07-14T16:35:22.276+05:30  INFO 14248 --- [voice_assistant] [           main] com.zaxxer.hikari.pool.HikariPool        : HikariPool-1 - Added connection org.postgresql.jdbc.PgConnection@366bf608
2026-07-14T16:35:22.278+05:30  INFO 14248 --- [voice_assistant] [           main] com.zaxxer.hikari.HikariDataSource       : HikariPool-1 - Start completed.
2026-07-14T16:35:22.380+05:30  INFO 14248 --- [voice_assistant] [           main] org.hibernate.orm.connections.pooling    : HHH10001005: Database info:
	Database JDBC URL [jdbc:postgresql://localhost:5432/voice_assistant]
	Database driver: PostgreSQL JDBC Driver
	Database dialect: PostgreSQLDialect
	Database version: 18.4
	Default catalog/schema: voice_assistant/public
	Autocommit mode: undefined/unknown
	Isolation level: READ_COMMITTED [default READ_COMMITTED]
	JDBC fetch size: none
	Pool: DataSourceConnectionProvider
	Minimum pool size: undefined/unknown
	Maximum pool size: undefined/unknown
2026-07-14T16:35:24.755+05:30  INFO 14248 --- [voice_assistant] [           main] org.hibernate.orm.core                   : HHH000489: No JTA platform available (set 'hibernate.transaction.jta.platform' to enable JTA platform integration)
2026-07-14T16:35:24.875+05:30  INFO 14248 --- [voice_assistant] [           main] j.LocalContainerEntityManagerFactoryBean : Initialized JPA EntityManagerFactory for persistence unit 'default'
2026-07-14T16:35:24.984+05:30  INFO 14248 --- [voice_assistant] [           main] o.s.d.j.r.query.QueryEnhancerFactories   : Hibernate is in classpath; If applicable, HQL parser will be used.
2026-07-14T16:35:25.339+05:30  INFO 14248 --- [voice_assistant] [           main] eAuthenticationProviderManagerConfigurer : Global AuthenticationManager configured with AuthenticationProvider bean with name authenticationProvider
2026-07-14T16:35:25.339+05:30  WARN 14248 --- [voice_assistant] [           main] r$InitializeUserDetailsManagerConfigurer : Global AuthenticationManager configured with an AuthenticationProvider bean. UserDetailsService beans will not be used by Spring Security for automatically configuring username/password login. Consider removing the AuthenticationProvider bean. Alternatively, consider using the UserDetailsService in a manually instantiated DaoAuthenticationProvider. If the current configuration is intentional, to turn off this warning, increase the logging level of 'org.springframework.security.config.annotation.authentication.configuration.InitializeUserDetailsBeanManagerConfigurer' to ERROR
2026-07-14T16:35:26.720+05:30  INFO 14248 --- [voice_assistant] [           main] c.e.v.VoiceAssistantApplicationTests     : Started VoiceAssistantApplicationTests in 8.058 seconds (process running for 9.535)
]]></system-out>
    <system-err><![CDATA[Mockito is currently self-attaching to enable the inline-mock-maker. This will no longer work in future releases of the JDK. Please add Mockito as an agent to your build as described in Mockito's documentation: https://javadoc.io/doc/org.mockito/mockito-core/latest/org.mockito/org/mockito/Mockito.html#0.3
WARNING: A Java agent has been loaded dynamically (C:\Users\Dell\.m2\repository\net\bytebuddy\byte-buddy-agent\1.18.10\byte-buddy-agent-1.18.10.jar)
WARNING: If a serviceability tool is in use, please run with -XX:+EnableDynamicAgentLoading to hide this warning
WARNING: If a serviceability tool is not in use, please run with -Djdk.instrument.traceUsage for more information
WARNING: Dynamic loading of agents will be disallowed by default in a future release
]]></system-err>
  </testcase>
</testsuite>